# JRE version: Java(TM) SE Runtime Environment (8.0_201-b09) (build 1.8.0_201-b09)
# Java VM: Java HotSpot(TM) 64-Bit Server VM (25.201-b09 mixed mode windows-amd64 compressed oops)
Heap:
 PSYoungGen      total 220160K, used 13891K [0x00000000d5980000, 0x00000000e7800000, 0x0000000100000000)
  eden space 202240K, 0% used [0x00000000d5980000,0x00000000d5980000,0x00000000e1f00000)
  from space 17920K, 77% used [0x00000000e1f00000,0x00000000e2c90dc8,0x00000000e3080000)
  to   space 18944K, 0% used [0x00000000e6580000,0x00000000e6580000,0x00000000e7800000)
 ParOldGen       total 97280K, used 27276K [0x0000000080c00000, 0x0000000086b00000, 0x00000000d5980000)
  object space 97280K, 28% used [0x0000000080c00000,0x00000000826a3210,0x0000000086b00000)
 Metaspace       used 56178K, capacity 58912K, committed 59096K, reserved 1099776K
  class space    used 7929K, capacity 8417K, committed 8448K, reserved 1048576K
GC Heap History (10 events):
Event: 6.444 GC heap after
Heap after GC invocations=9 (full 1):
 PSYoungGen      total 165888K, used 10213K [0x00000000d5980000, 0x00000000e3880000, 0x0000000100000000)
  eden space 155648K, 0% used [0x00000000d5980000,0x00000000d5980000,0x00000000df180000)
  from space 10240K, 99% used [0x00000000e0000000,0x00000000e09f9500,0x00000000e0a00000)
  to   space 14848K, 0% used [0x00000000df180000,0x00000000df180000,0x00000000e0000000)
 ParOldGen       total 59392K, used 16622K [0x0000000080c00000, 0x0000000084600000, 0x00000000d5980000)
  object space 59392K, 27% used [0x0000000080c00000,0x0000000081c3b9b8,0x0000000084600000)
 Metaspace       used 31552K, capacity 33186K, committed 33408K, reserved 1077248K
  class space    used 4356K, capacity 4701K, committed 4736K, reserved 1048576K
}
Event: 6.954 GC heap before
{Heap before GC invocations=10 (full 1):
 PSYoungGen      total 165888K, used 112011K [0x00000000d5980000, 0x00000000e3880000, 0x0000000100000000)
  eden space 155648K, 65% used [0x00000000d5980000,0x00000000dbce9900,0x00000000df180000)
  from space 10240K, 99% used [0x00000000e0000000,0x00000000e09f9500,0x00000000e0a00000)
  to   space 14848K, 0% used [0x00000000df180000,0x00000000df180000,0x00000000e0000000)
 ParOldGen       total 59392K, used 16622K [0x0000000080c00000, 0x0000000084600000, 0x00000000d5980000)
  object space 59392K, 27% used [0x0000000080c00000,0x0000000081c3b9b8,0x0000000084600000)
 Metaspace       used 33714K, capacity 35378K, committed 35456K, reserved 1079296K
  class space    used 4598K, capacity 4953K, committed 4992K, reserved 1048576K
Event: 6.975 GC heap after
Heap after GC invocations=10 (full 1):
 PSYoungGen      total 170496K, used 11153K [0x00000000d5980000, 0x00000000e4200000, 0x0000000100000000)
  eden space 155648K, 0% used [0x00000000d5980000,0x00000000d5980000,0x00000000df180000)
  from space 14848K, 75% used [0x00000000df180000,0x00000000dfc64660,0x00000000e0000000)
  to   space 15360K, 0% used [0x00000000e3300000,0x00000000e3300000,0x00000000e4200000)
 ParOldGen       total 59392K, used 19094K [0x0000000080c00000, 0x0000000084600000, 0x00000000d5980000)
  object space 59392K, 32% used [0x0000000080c00000,0x0000000081ea59d8,0x0000000084600000)
 Metaspace       used 33714K, capacity 35378K, committed 35456K, reserved 1079296K
  class space    used 4598K, capacity 4953K, committed 4992K, reserved 1048576K
}
Event: 6.975 GC heap before
{Heap before GC invocations=11 (full 2):
 PSYoungGen      total 170496K, used 11153K [0x00000000d5980000, 0x00000000e4200000, 0x0000000100000000)
  eden space 155648K, 0% used [0x00000000d5980000,0x00000000d5980000,0x00000000df180000)
  from space 14848K, 75% used [0x00000000df180000,0x00000000dfc64660,0x00000000e0000000)
  to   space 15360K, 0% used [0x00000000e3300000,0x00000000e3300000,0x00000000e4200000)
 ParOldGen       total 59392K, used 19094K [0x0000000080c00000, 0x0000000084600000, 0x00000000d5980000)
  object space 59392K, 32% used [0x0000000080c00000,0x0000000081ea59d8,0x0000000084600000)
 Metaspace       used 33714K, capacity 35378K, committed 35456K, reserved 1079296K
  class space    used 4598K, capacity 4953K, committed 4992K, reserved 1048576K
Event: 7.088 GC heap after
Heap after GC invocations=11 (full 2):
 PSYoungGen      total 170496K, used 0K [0x00000000d5980000, 0x00000000e4200000, 0x0000000100000000)
  eden space 155648K, 0% used [0x00000000d5980000,0x00000000d5980000,0x00000000df180000)
  from space 14848K, 0% used [0x00000000df180000,0x00000000df180000,0x00000000e0000000)
  to   space 15360K, 0% used [0x00000000e3300000,0x00000000e3300000,0x00000000e4200000)
 ParOldGen       total 97280K, used 21715K [0x0000000080c00000, 0x0000000086b00000, 0x00000000d5980000)
  object space 97280K, 22% used [0x0000000080c00000,0x0000000082134e20,0x0000000086b00000)
 Metaspace       used 33714K, capacity 35378K, committed 35456K, reserved 1079296K
  class space    used 4598K, capacity 4953K, committed 4992K, reserved 1048576K
}
Event: 8.832 GC heap before
{Heap before GC invocations=12 (full 2):
 PSYoungGen      total 170496K, used 155648K [0x00000000d5980000, 0x00000000e4200000, 0x0000000100000000)
  eden space 155648K, 100% used [0x00000000d5980000,0x00000000df180000,0x00000000df180000)
  from space 14848K, 0% used [0x00000000df180000,0x00000000df180000,0x00000000e0000000)
  to   space 15360K, 0% used [0x00000000e3300000,0x00000000e3300000,0x00000000e4200000)
 ParOldGen       total 97280K, used 21715K [0x0000000080c00000, 0x0000000086b00000, 0x00000000d5980000)
  object space 97280K, 22% used [0x0000000080c00000,0x0000000082134e20,0x0000000086b00000)
 Metaspace       used 47908K, capacity 49834K, committed 50304K, reserved 1091584K
  class space    used 6806K, capacity 7189K, committed 7296K, reserved 1048576K
Event: 8.853 GC heap after
Heap after GC invocations=12 (full 2):
 PSYoungGen      total 215552K, used 15356K [0x00000000d5980000, 0x00000000e4200000, 0x0000000100000000)
  eden space 200192K, 0% used [0x00000000d5980000,0x00000000d5980000,0x00000000e1d00000)
  from space 15360K, 99% used [0x00000000e3300000,0x00000000e41ff218,0x00000000e4200000)
  to   space 17920K, 0% used [0x00000000e1f00000,0x00000000e1f00000,0x00000000e3080000)
 ParOldGen       total 97280K, used 22860K [0x0000000080c00000, 0x0000000086b00000, 0x00000000d5980000)
  object space 97280K, 23% used [0x0000000080c00000,0x0000000082253380,0x0000000086b00000)
 Metaspace       used 47908K, capacity 49834K, committed 50304K, reserved 1091584K
  class space    used 6806K, capacity 7189K, committed 7296K, reserved 1048576K
}
Event: 10.501 GC heap before
{Heap before GC invocations=13 (full 2):
 PSYoungGen      total 215552K, used 193841K [0x00000000d5980000, 0x00000000e4200000, 0x0000000100000000)
  eden space 200192K, 89% used [0x00000000d5980000,0x00000000e07cd438,0x00000000e1d00000)
  from space 15360K, 99% used [0x00000000e3300000,0x00000000e41ff218,0x00000000e4200000)
  to   space 17920K, 0% used [0x00000000e1f00000,0x00000000e1f00000,0x00000000e3080000)
 ParOldGen       total 97280K, used 22860K [0x0000000080c00000, 0x0000000086b00000, 0x00000000d5980000)
  object space 97280K, 23% used [0x0000000080c00000,0x0000000082253380,0x0000000086b00000)
 Metaspace       used 56178K, capacity 58912K, committed 59096K, reserved 1099776K
  class space    used 7929K, capacity 8417K, committed 8448K, reserved 1048576K
Event: 10.530 GC heap after
Heap after GC invocations=13 (full 2):
 PSYoungGen      total 220160K, used 13891K [0x00000000d5980000, 0x00000000e7800000, 0x0000000100000000)
  eden space 202240K, 0% used [0x00000000d5980000,0x00000000d5980000,0x00000000e1f00000)
  from space 17920K, 77% used [0x00000000e1f00000,0x00000000e2c90dc8,0x00000000e3080000)
  to   space 18944K, 0% used [0x00000000e6580000,0x00000000e6580000,0x00000000e7800000)
 ParOldGen       total 97280K, used 27276K [0x0000000080c00000, 0x0000000086b00000, 0x00000000d5980000)
  object space 97280K, 28% used [0x0000000080c00000,0x00000000826a3210,0x0000000086b00000)
 Metaspace       used 56178K, capacity 58912K, committed 59096K, reserved 1099776K
  class space    used 7929K, capacity 8417K, committed 8448K, reserved 1048576K
}
Event: 10.530 GC heap before
{Heap before GC invocations=14 (full 3):
 PSYoungGen      total 220160K, used 13891K [0x00000000d5980000, 0x00000000e7800000, 0x0000000100000000)
  eden space 202240K, 0% used [0x00000000d5980000,0x00000000d5980000,0x00000000e1f00000)
  from space 17920K, 77% used [0x00000000e1f00000,0x00000000e2c90dc8,0x00000000e3080000)
  to   space 18944K, 0% used [0x00000000e6580000,0x00000000e6580000,0x00000000e7800000)
 ParOldGen       total 97280K, used 27276K [0x0000000080c00000, 0x0000000086b00000, 0x00000000d5980000)
  object space 97280K, 28% used [0x0000000080c00000,0x00000000826a3210,0x0000000086b00000)
 Metaspace       used 56178K, capacity 58912K, committed 59096K, reserved 1099776K
  class space    used 7929K, capacity 8417K, committed 8448K, reserved 1048576K

